number,value,datetime_start,datetime_complete,duration,params_bagging_fraction,params_feature_fraction,params_learning_rate,params_max_depth,params_min_child_samples,params_num_leaves,params_reg_lambda,state
109,0.5069657601923799,2025-06-12 22:47:53.944481,2025-06-12 22:53:54.083277,0 days 00:06:00.138796,0.9195293684875836,0.6186859563517033,0.0244337892099098,10,43,186,5.6112324783349745e-08,COMPLETE
110,0.5066907347303392,2025-06-12 22:53:54.084353,2025-06-12 23:00:01.843882,0 days 00:06:07.759529,0.9226084090503988,0.6553489706094924,0.02501981307046915,12,44,188,6.227991763002859e-08,COMPLETE
111,0.5059952288118461,2025-06-12 23:00:01.844990,2025-06-12 23:05:54.227526,0 days 00:05:52.382536,0.9259597576265319,0.6549744963721569,0.025516127846910507,11,51,186,5.541036005491909e-08,COMPLETE
112,0.5043022446926171,2025-06-12 23:05:54.228603,2025-06-12 23:11:44.456860,0 days 00:05:50.228257,0.9130643787059078,0.6284244300990798,0.028563929451031544,12,44,195,9.882652743377421e-08,COMPLETE
113,0.5056022077768649,2025-06-12 23:11:44.457935,2025-06-12 23:17:52.555916,0 days 00:06:08.097981,0.94191083195896,0.6191035984015554,0.02450988875575492,12,46,180,1.489659283789011e-08,COMPLETE
114,0.5061801994736801,2025-06-12 23:17:52.556991,2025-06-12 23:23:26.826976,0 days 00:05:34.269985,0.8925925923215638,0.6066536448448037,0.035944400449723655,12,43,154,3.434519805429059e-08,COMPLETE
115,0.5058236693692537,2025-06-12 23:23:26.828057,2025-06-12 23:28:53.230561,0 days 00:05:26.402504,0.9597505415452017,0.6528127317561305,0.04763724937364913,12,37,201,6.916764149075217e-08,COMPLETE
116,0.5060889977633448,2025-06-12 23:28:53.231620,2025-06-12 23:34:35.706321,0 days 00:05:42.474701,0.9007034977720505,0.641047693539191,0.031415001410418184,10,54,171,9.390240969597999e-05,COMPLETE
117,0.5052160306102643,2025-06-12 23:34:35.707381,2025-06-12 23:39:57.002869,0 days 00:05:21.295488,0.930832638789938,0.678331096198295,0.052475618478129135,10,39,215,4.612555862957643e-07,COMPLETE
118,0.5062232359344141,2025-06-12 23:39:57.003937,2025-06-12 23:45:41.040184,0 days 00:05:44.036247,0.9187977250419597,0.6105330643490754,0.027975297646951676,11,47,186,0.005516272877539717,COMPLETE
119,0.5050073157666535,2025-06-12 23:45:41.041274,2025-06-12 23:51:12.923920,0 days 00:05:31.882646,0.5484467261624814,0.623481088361703,0.027446332583403007,11,47,186,0.00279114465731504,COMPLETE
120,0.5023874538780717,2025-06-12 23:51:12.925005,2025-06-12 23:57:10.684237,0 days 00:05:57.759232,0.949431169013244,0.6677217012098827,0.02448254231327542,11,49,39,0.010645091190236943,COMPLETE
121,0.507335542853649,2025-06-12 23:57:10.685321,2025-06-13 00:03:17.523823,0 days 00:06:06.838502,0.9170294667645799,0.6046479136754972,0.029140556611211146,12,44,199,0.4777340917171173,COMPLETE
122,0.5061169294859962,2025-06-13 00:03:17.524882,2025-06-13 00:09:39.429076,0 days 00:06:21.904194,0.9189330570321729,0.609622665785856,0.020356753389109982,12,51,191,0.01011047262364425,COMPLETE
123,0.5045475186722232,2025-06-13 00:09:39.430163,2025-06-13 00:15:28.025975,0 days 00:05:48.595812,0.9351706720662017,0.5920133540314413,0.028287898691327074,12,44,199,0.49683383002606085,COMPLETE
124,0.505897805405276,2025-06-13 00:15:28.027057,2025-06-13 00:21:06.667163,0 days 00:05:38.640106,0.8849957779479455,0.6384361458692346,0.03253279358236577,12,40,227,0.021467426150921776,COMPLETE
125,0.5063331887532065,2025-06-13 00:21:06.668231,2025-06-13 00:26:47.849241,0 days 00:05:41.181010,0.9113405861419954,0.615381767394085,0.029953495658479722,12,62,189,0.0013190562221298478,COMPLETE
126,0.506660987504836,2025-06-13 00:26:47.850298,2025-06-13 00:32:21.971895,0 days 00:05:34.121597,0.8611233517205766,0.6558211732974104,0.03849112325217057,12,73,212,1.0047680824955473e-05,COMPLETE
127,0.5061624083749873,2025-06-13 00:32:21.972946,2025-06-13 00:38:02.021464,0 days 00:05:40.048518,0.8616856647058336,0.7046164176447489,0.035140734437436774,12,71,211,0.0008336896185810943,COMPLETE
128,0.5080633818797498,2025-06-13 00:38:02.022514,2025-06-13 00:44:02.302055,0 days 00:06:00.279541,0.902323321146222,0.6223597094305492,0.038054395619039415,12,62,239,1.5006291342706868,COMPLETE
129,0.5071400962128888,2025-06-13 00:44:02.303101,2025-06-13 00:50:20.946714,0 days 00:06:18.643613,0.9889202233611107,0.6538398229993441,0.029825581948861698,12,63,236,3.227330106482611,COMPLETE
